<?xml version="1.0" encoding="UTF-8" ?>
<testsuite failures="0" time="0.09" errors="5" skipped="0" tests="5" name="com.ocpsoft.pretty.faces.PrettyFilterRewritingTest">
  <properties>
[...]
</properties>
  <testcase time="0.071" classname="com.ocpsoft.pretty.faces.PrettyFilterRewritingTest" name="testSimpleRedirect">
    <error message="Could not find backup for factory javax.faces.application.ApplicationFactory. " type="java.lang.IllegalStateException">java.lang.IllegalStateException: Could not find backup for factory javax.faces.application.ApplicationFactory. 
	at javax.faces.FactoryFinder$FactoryManager.getFactory(FactoryFinder.java:1008)
	at javax.faces.FactoryFinder.getFactory(FactoryFinder.java:343)
	at com.ocpsoft.pretty.faces.util.FacesFactory.getApplication(FacesFactory.java:30)
	at com.ocpsoft.pretty.faces2.config.reload.JSF2DevelopmentModeDetector.isDevelopmentMode(JSF2DevelopmentModeDetector.java:40)
	at com.ocpsoft.pretty.faces.config.reload.PrettyConfigReloader.isDevelopmentModeActive(PrettyConfigReloader.java:135)
	at com.ocpsoft.pretty.faces.config.reload.PrettyConfigReloader.onNewRequest(PrettyConfigReloader.java:68)
	at com.ocpsoft.pretty.PrettyFilter.doFilter(PrettyFilter.java:76)
	at com.ocpsoft.pretty.faces.PrettyFilterRewritingTest.testSimpleRedirect(PrettyFilterRewritingTest.java:59)
	at sun.reflect.NativeMethodAccessorImpl.invoke0(Native Method)
	at sun.reflect.NativeMethodAccessorImpl.invoke(NativeMethodAccessorImpl.java:39)
	at sun.reflect.DelegatingMethodAccessorImpl.invoke(DelegatingMethodAccessorImpl.java:25)
	at java.lang.reflect.Method.invoke(Method.java:597)
	at org.junit.runners.model.FrameworkMethod$1.runReflectiveCall(FrameworkMethod.java:44)
	at org.junit.internal.runners.model.ReflectiveCallable.run(ReflectiveCallable.java:15)
	at org.junit.runners.model.FrameworkMethod.invokeExplosively(FrameworkMethod.java:41)
	at org.junit.internal.runners.statements.InvokeMethod.evaluate(InvokeMethod.java:20)
	at org.junit.internal.runners.statements.RunBefores.evaluate(RunBefores.java:28)
	at org.junit.runners.BlockJUnit4ClassRunner.runChild(BlockJUnit4ClassRunner.java:76)
	at org.junit.runners.BlockJUnit4ClassRunner.runChild(BlockJUnit4ClassRunner.java:50)
	at org.junit.runners.ParentRunner$3.run(ParentRunner.java:193)
	at org.junit.runners.ParentRunner$1.schedule(ParentRunner.java:52)
	at org.junit.runners.ParentRunner.runChildren(ParentRunner.java:191)
	at org.junit.runners.ParentRunner.access$000(ParentRunner.java:42)
	at org.junit.runners.ParentRunner$2.evaluate(ParentRunner.java:184)
	at org.junit.runners.ParentRunner.run(ParentRunner.java:236)
	at org.apache.maven.surefire.junit4.JUnit4Provider.execute(JUnit4Provider.java:236)
	at org.apache.maven.surefire.junit4.JUnit4Provider.executeTestSet(JUnit4Provider.java:134)
	at org.apache.maven.surefire.junit4.JUnit4Provider.invoke(JUnit4Provider.java:113)
	at sun.reflect.NativeMethodAccessorImpl.invoke0(Native Method)
	at sun.reflect.NativeMethodAccessorImpl.invoke(NativeMethodAccessorImpl.java:39)
	at sun.reflect.DelegatingMethodAccessorImpl.invoke(DelegatingMethodAccessorImpl.java:25)
	at java.lang.reflect.Method.invoke(Method.java:597)
	at org.apache.maven.surefire.util.ReflectionUtils.invokeMethodWithArray(ReflectionUtils.java:189)
	at org.apache.maven.surefire.booter.ProviderFactory$ProviderProxy.invoke(ProviderFactory.java:165)
	at org.apache.maven.surefire.booter.ProviderFactory.invokeProvider(ProviderFactory.java:85)
	at org.apache.maven.surefire.booter.ForkedBooter.runSuitesInProcess(ForkedBooter.java:103)
	at org.apache.maven.surefire.booter.ForkedBooter.main(ForkedBooter.java:74)
</error>
    <system-err>Nov 2, 2012 1:45:06 AM javax.faces.FactoryFinder$FactoryManager getFactory
SEVERE: Application was not properly initialized at startup, could not find Factory: javax.faces.application.ApplicationFactory. Attempting to find backup.
</system-err>
  </testcase>
  <testcase time="0.004" classname="com.ocpsoft.pretty.faces.PrettyFilterRewritingTest" name="testPathEncodingInLocationHeader">
    <error message="Could not find backup for factory javax.faces.application.ApplicationFactory. " type="java.lang.IllegalStateException">java.lang.IllegalStateException: Could not find backup for factory javax.faces.application.ApplicationFactory. 
	at javax.faces.FactoryFinder$FactoryManager.getFactory(FactoryFinder.java:1008)
	at javax.faces.FactoryFinder.getFactory(FactoryFinder.java:343)
	at com.ocpsoft.pretty.faces.util.FacesFactory.getApplication(FacesFactory.java:30)
	at com.ocpsoft.pretty.faces2.config.reload.JSF2DevelopmentModeDetector.isDevelopmentMode(JSF2DevelopmentModeDetector.java:40)
	at com.ocpsoft.pretty.faces.config.reload.PrettyConfigReloader.isDevelopmentModeActive(PrettyConfigReloader.java:135)
	at com.ocpsoft.pretty.faces.config.reload.PrettyConfigReloader.onNewRequest(PrettyConfigReloader.java:68)
	at com.ocpsoft.pretty.PrettyFilter.doFilter(PrettyFilter.java:76)
	at com.ocpsoft.pretty.faces.PrettyFilterRewritingTest.testPathEncodingInLocationHeader(PrettyFilterRewritingTest.java:77)
	at sun.reflect.NativeMethodAccessorImpl.invoke0(Native Method)
	at sun.reflect.NativeMethodAccessorImpl.invoke(NativeMethodAccessorImpl.java:39)
	at sun.reflect.DelegatingMethodAccessorImpl.invoke(DelegatingMethodAccessorImpl.java:25)
	at java.lang.reflect.Method.invoke(Method.java:597)
	at org.junit.runners.model.FrameworkMethod$1.runReflectiveCall(FrameworkMethod.java:44)
	at org.junit.internal.runners.model.ReflectiveCallable.run(ReflectiveCallable.java:15)
	at org.junit.runners.model.FrameworkMethod.invokeExplosively(FrameworkMethod.java:41)
	at org.junit.internal.runners.statements.InvokeMethod.evaluate(InvokeMethod.java:20)
	at org.junit.internal.runners.statements.RunBefores.evaluate(RunBefores.java:28)
	at org.junit.runners.BlockJUnit4ClassRunner.runChild(BlockJUnit4ClassRunner.java:76)
	at org.junit.runners.BlockJUnit4ClassRunner.runChild(BlockJUnit4ClassRunner.java:50)
	at org.junit.runners.ParentRunner$3.run(ParentRunner.java:193)
	at org.junit.runners.ParentRunner$1.schedule(ParentRunner.java:52)
	at org.junit.runners.ParentRunner.runChildren(ParentRunner.java:191)
	at org.junit.runners.ParentRunner.access$000(ParentRunner.java:42)
	at org.junit.runners.ParentRunner$2.evaluate(ParentRunner.java:184)
	at org.junit.runners.ParentRunner.run(ParentRunner.java:236)
	at org.apache.maven.surefire.junit4.JUnit4Provider.execute(JUnit4Provider.java:236)
	at org.apache.maven.surefire.junit4.JUnit4Provider.executeTestSet(JUnit4Provider.java:134)
	at org.apache.maven.surefire.junit4.JUnit4Provider.invoke(JUnit4Provider.java:113)
	at sun.reflect.NativeMethodAccessorImpl.invoke0(Native Method)
	at sun.reflect.NativeMethodAccessorImpl.invoke(NativeMethodAccessorImpl.java:39)
	at sun.reflect.DelegatingMethodAccessorImpl.invoke(DelegatingMethodAccessorImpl.java:25)
	at java.lang.reflect.Method.invoke(Method.java:597)
	at org.apache.maven.surefire.util.ReflectionUtils.invokeMethodWithArray(ReflectionUtils.java:189)
	at org.apache.maven.surefire.booter.ProviderFactory$ProviderProxy.invoke(ProviderFactory.java:165)
	at org.apache.maven.surefire.booter.ProviderFactory.invokeProvider(ProviderFactory.java:85)
	at org.apache.maven.surefire.booter.ForkedBooter.runSuitesInProcess(ForkedBooter.java:103)
	at org.apache.maven.surefire.booter.ForkedBooter.main(ForkedBooter.java:74)
</error>
    <system-err>Nov 2, 2012 1:45:06 AM javax.faces.FactoryFinder$FactoryManager getFactory
SEVERE: Application was not properly initialized at startup, could not find Factory: javax.faces.application.ApplicationFactory. Attempting to find backup.
</system-err>
  </testcase>
  <testcase time="0.005" classname="com.ocpsoft.pretty.faces.PrettyFilterRewritingTest" name="testRewriteWithFullURL">
    <error message="Could not find backup for factory javax.faces.application.ApplicationFactory. " type="java.lang.IllegalStateException">java.lang.IllegalStateException: Could not find backup for factory javax.faces.application.ApplicationFactory. 
	at javax.faces.FactoryFinder$FactoryManager.getFactory(FactoryFinder.java:1008)
	at javax.faces.FactoryFinder.getFactory(FactoryFinder.java:343)
	at com.ocpsoft.pretty.faces.util.FacesFactory.getApplication(FacesFactory.java:30)
	at com.ocpsoft.pretty.faces2.config.reload.JSF2DevelopmentModeDetector.isDevelopmentMode(JSF2DevelopmentModeDetector.java:40)
	at com.ocpsoft.pretty.faces.config.reload.PrettyConfigReloader.isDevelopmentModeActive(PrettyConfigReloader.java:135)
	at com.ocpsoft.pretty.faces.config.reload.PrettyConfigReloader.onNewRequest(PrettyConfigReloader.java:68)
	at com.ocpsoft.pretty.PrettyFilter.doFilter(PrettyFilter.java:76)
	at com.ocpsoft.pretty.faces.PrettyFilterRewritingTest.testRewriteWithFullURL(PrettyFilterRewritingTest.java:95)
	at sun.reflect.NativeMethodAccessorImpl.invoke0(Native Method)
	at sun.reflect.NativeMethodAccessorImpl.invoke(NativeMethodAccessorImpl.java:39)
	at sun.reflect.DelegatingMethodAccessorImpl.invoke(DelegatingMethodAccessorImpl.java:25)
	at java.lang.reflect.Method.invoke(Method.java:597)
	at org.junit.runners.model.FrameworkMethod$1.runReflectiveCall(FrameworkMethod.java:44)
	at org.junit.internal.runners.model.ReflectiveCallable.run(ReflectiveCallable.java:15)
	at org.junit.runners.model.FrameworkMethod.invokeExplosively(FrameworkMethod.java:41)
	at org.junit.internal.runners.statements.InvokeMethod.evaluate(InvokeMethod.java:20)
	at org.junit.internal.runners.statements.RunBefores.evaluate(RunBefores.java:28)
	at org.junit.runners.BlockJUnit4ClassRunner.runChild(BlockJUnit4ClassRunner.java:76)
	at org.junit.runners.BlockJUnit4ClassRunner.runChild(BlockJUnit4ClassRunner.java:50)
	at org.junit.runners.ParentRunner$3.run(ParentRunner.java:193)
	at org.junit.runners.ParentRunner$1.schedule(ParentRunner.java:52)
	at org.junit.runners.ParentRunner.runChildren(ParentRunner.java:191)
	at org.junit.runners.ParentRunner.access$000(ParentRunner.java:42)
	at org.junit.runners.ParentRunner$2.evaluate(ParentRunner.java:184)
	at org.junit.runners.ParentRunner.run(ParentRunner.java:236)
	at org.apache.maven.surefire.junit4.JUnit4Provider.execute(JUnit4Provider.java:236)
	at org.apache.maven.surefire.junit4.JUnit4Provider.executeTestSet(JUnit4Provider.java:134)
	at org.apache.maven.surefire.junit4.JUnit4Provider.invoke(JUnit4Provider.java:113)
	at sun.reflect.NativeMethodAccessorImpl.invoke0(Native Method)
	at sun.reflect.NativeMethodAccessorImpl.invoke(NativeMethodAccessorImpl.java:39)
	at sun.reflect.DelegatingMethodAccessorImpl.invoke(DelegatingMethodAccessorImpl.java:25)
	at java.lang.reflect.Method.invoke(Method.java:597)
	at org.apache.maven.surefire.util.ReflectionUtils.invokeMethodWithArray(ReflectionUtils.java:189)
	at org.apache.maven.surefire.booter.ProviderFactory$ProviderProxy.invoke(ProviderFactory.java:165)
	at org.apache.maven.surefire.booter.ProviderFactory.invokeProvider(ProviderFactory.java:85)
	at org.apache.maven.surefire.booter.ForkedBooter.runSuitesInProcess(ForkedBooter.java:103)
	at org.apache.maven.surefire.booter.ForkedBooter.main(ForkedBooter.java:74)
</error>
    <system-err>Nov 2, 2012 1:45:06 AM javax.faces.FactoryFinder$FactoryManager getFactory
SEVERE: Application was not properly initialized at startup, could not find Factory: javax.faces.application.ApplicationFactory. Attempting to find backup.
</system-err>
  </testcase>
  <testcase time="0.005" classname="com.ocpsoft.pretty.faces.PrettyFilterRewritingTest" name="testRewriteWithQueryParameters">
    <error message="Could not find backup for factory javax.faces.application.ApplicationFactory. " type="java.lang.IllegalStateException">java.lang.IllegalStateException: Could not find backup for factory javax.faces.application.ApplicationFactory. 
	at javax.faces.FactoryFinder$FactoryManager.getFactory(FactoryFinder.java:1008)
	at javax.faces.FactoryFinder.getFactory(FactoryFinder.java:343)
	at com.ocpsoft.pretty.faces.util.FacesFactory.getApplication(FacesFactory.java:30)
	at com.ocpsoft.pretty.faces2.config.reload.JSF2DevelopmentModeDetector.isDevelopmentMode(JSF2DevelopmentModeDetector.java:40)
	at com.ocpsoft.pretty.faces.config.reload.PrettyConfigReloader.isDevelopmentModeActive(PrettyConfigReloader.java:135)
	at com.ocpsoft.pretty.faces.config.reload.PrettyConfigReloader.onNewRequest(PrettyConfigReloader.java:68)
	at com.ocpsoft.pretty.PrettyFilter.doFilter(PrettyFilter.java:76)
	at com.ocpsoft.pretty.faces.PrettyFilterRewritingTest.testRewriteWithQueryParameters(PrettyFilterRewritingTest.java:113)
	at sun.reflect.NativeMethodAccessorImpl.invoke0(Native Method)
	at sun.reflect.NativeMethodAccessorImpl.invoke(NativeMethodAccessorImpl.java:39)
	at sun.reflect.DelegatingMethodAccessorImpl.invoke(DelegatingMethodAccessorImpl.java:25)
	at java.lang.reflect.Method.invoke(Method.java:597)
	at org.junit.runners.model.FrameworkMethod$1.runReflectiveCall(FrameworkMethod.java:44)
	at org.junit.internal.runners.model.ReflectiveCallable.run(ReflectiveCallable.java:15)
	at org.junit.runners.model.FrameworkMethod.invokeExplosively(FrameworkMethod.java:41)
	at org.junit.internal.runners.statements.InvokeMethod.evaluate(InvokeMethod.java:20)
	at org.junit.internal.runners.statements.RunBefores.evaluate(RunBefores.java:28)
	at org.junit.runners.BlockJUnit4ClassRunner.runChild(BlockJUnit4ClassRunner.java:76)
	at org.junit.runners.BlockJUnit4ClassRunner.runChild(BlockJUnit4ClassRunner.java:50)
	at org.junit.runners.ParentRunner$3.run(ParentRunner.java:193)
	at org.junit.runners.ParentRunner$1.schedule(ParentRunner.java:52)
	at org.junit.runners.ParentRunner.runChildren(ParentRunner.java:191)
	at org.junit.runners.ParentRunner.access$000(ParentRunner.java:42)
	at org.junit.runners.ParentRunner$2.evaluate(ParentRunner.java:184)
	at org.junit.runners.ParentRunner.run(ParentRunner.java:236)
	at org.apache.maven.surefire.junit4.JUnit4Provider.execute(JUnit4Provider.java:236)
	at org.apache.maven.surefire.junit4.JUnit4Provider.executeTestSet(JUnit4Provider.java:134)
	at org.apache.maven.surefire.junit4.JUnit4Provider.invoke(JUnit4Provider.java:113)
	at sun.reflect.NativeMethodAccessorImpl.invoke0(Native Method)
	at sun.reflect.NativeMethodAccessorImpl.invoke(NativeMethodAccessorImpl.java:39)
	at sun.reflect.DelegatingMethodAccessorImpl.invoke(DelegatingMethodAccessorImpl.java:25)
	at java.lang.reflect.Method.invoke(Method.java:597)
	at org.apache.maven.surefire.util.ReflectionUtils.invokeMethodWithArray(ReflectionUtils.java:189)
	at org.apache.maven.surefire.booter.ProviderFactory$ProviderProxy.invoke(ProviderFactory.java:165)
	at org.apache.maven.surefire.booter.ProviderFactory.invokeProvider(ProviderFactory.java:85)
	at org.apache.maven.surefire.booter.ForkedBooter.runSuitesInProcess(ForkedBooter.java:103)
	at org.apache.maven.surefire.booter.ForkedBooter.main(ForkedBooter.java:74)
</error>
    <system-err>Nov 2, 2012 1:45:06 AM javax.faces.FactoryFinder$FactoryManager getFactory
SEVERE: Application was not properly initialized at startup, could not find Factory: javax.faces.application.ApplicationFactory. Attempting to find backup.
</system-err>
  </testcase>
  <testcase time="0.005" classname="com.ocpsoft.pretty.faces.PrettyFilterRewritingTest" name="testSpaceCharacterQueryParameter">
    <error message="Could not find backup for factory javax.faces.application.ApplicationFactory. " type="java.lang.IllegalStateException">java.lang.IllegalStateException: Could not find backup for factory javax.faces.application.ApplicationFactory. 
	at javax.faces.FactoryFinder$FactoryManager.getFactory(FactoryFinder.java:1008)
	at javax.faces.FactoryFinder.getFactory(FactoryFinder.java:343)
	at com.ocpsoft.pretty.faces.util.FacesFactory.getApplication(FacesFactory.java:30)
	at com.ocpsoft.pretty.faces2.config.reload.JSF2DevelopmentModeDetector.isDevelopmentMode(JSF2DevelopmentModeDetector.java:40)
	at com.ocpsoft.pretty.faces.config.reload.PrettyConfigReloader.isDevelopmentModeActive(PrettyConfigReloader.java:135)
	at com.ocpsoft.pretty.faces.config.reload.PrettyConfigReloader.onNewRequest(PrettyConfigReloader.java:68)
	at com.ocpsoft.pretty.PrettyFilter.doFilter(PrettyFilter.java:76)
	at com.ocpsoft.pretty.faces.PrettyFilterRewritingTest.testSpaceCharacterQueryParameter(PrettyFilterRewritingTest.java:131)
	at sun.reflect.NativeMethodAccessorImpl.invoke0(Native Method)
	at sun.reflect.NativeMethodAccessorImpl.invoke(NativeMethodAccessorImpl.java:39)
	at sun.reflect.DelegatingMethodAccessorImpl.invoke(DelegatingMethodAccessorImpl.java:25)
	at java.lang.reflect.Method.invoke(Method.java:597)
	at org.junit.runners.model.FrameworkMethod$1.runReflectiveCall(FrameworkMethod.java:44)
	at org.junit.internal.runners.model.ReflectiveCallable.run(ReflectiveCallable.java:15)
	at org.junit.runners.model.FrameworkMethod.invokeExplosively(FrameworkMethod.java:41)
	at org.junit.internal.runners.statements.InvokeMethod.evaluate(InvokeMethod.java:20)
	at org.junit.internal.runners.statements.RunBefores.evaluate(RunBefores.java:28)
	at org.junit.runners.BlockJUnit4ClassRunner.runChild(BlockJUnit4ClassRunner.java:76)
	at org.junit.runners.BlockJUnit4ClassRunner.runChild(BlockJUnit4ClassRunner.java:50)
	at org.junit.runners.ParentRunner$3.run(ParentRunner.java:193)
	at org.junit.runners.ParentRunner$1.schedule(ParentRunner.java:52)
	at org.junit.runners.ParentRunner.runChildren(ParentRunner.java:191)
	at org.junit.runners.ParentRunner.access$000(ParentRunner.java:42)
	at org.junit.runners.ParentRunner$2.evaluate(ParentRunner.java:184)
	at org.junit.runners.ParentRunner.run(ParentRunner.java:236)
	at org.apache.maven.surefire.junit4.JUnit4Provider.execute(JUnit4Provider.java:236)
	at org.apache.maven.surefire.junit4.JUnit4Provider.executeTestSet(JUnit4Provider.java:134)
	at org.apache.maven.surefire.junit4.JUnit4Provider.invoke(JUnit4Provider.java:113)
	at sun.reflect.NativeMethodAccessorImpl.invoke0(Native Method)
	at sun.reflect.NativeMethodAccessorImpl.invoke(NativeMethodAccessorImpl.java:39)
	at sun.reflect.DelegatingMethodAccessorImpl.invoke(DelegatingMethodAccessorImpl.java:25)
	at java.lang.reflect.Method.invoke(Method.java:597)
	at org.apache.maven.surefire.util.ReflectionUtils.invokeMethodWithArray(ReflectionUtils.java:189)
	at org.apache.maven.surefire.booter.ProviderFactory$ProviderProxy.invoke(ProviderFactory.java:165)
	at org.apache.maven.surefire.booter.ProviderFactory.invokeProvider(ProviderFactory.java:85)
	at org.apache.maven.surefire.booter.ForkedBooter.runSuitesInProcess(ForkedBooter.java:103)
	at org.apache.maven.surefire.booter.ForkedBooter.main(ForkedBooter.java:74)
</error>
    <system-err>Nov 2, 2012 1:45:06 AM javax.faces.FactoryFinder$FactoryManager getFactory
SEVERE: Application was not properly initialized at startup, could not find Factory: javax.faces.application.ApplicationFactory. Attempting to find backup.
</system-err>
  </testcase>
</testsuite>